<?xml version="1.0" encoding="UTF-8" ?>
<testsuite tests="8" failures="0" name="com.automation.runner.TestRunner" time="0.125" errors="8" skipped="0">
  <properties>
[...]
</properties>
  <testcase classname="Login" name="Verify user can sign in with valid credentials" time="0.087">
    <error message="Cannot invoke &quot;java.util.Properties.getProperty(String)&quot; because &quot;com.automation.utils.ConfigReader.prop&quot; is null" type="java.lang.NullPointerException">java.lang.NullPointerException: Cannot invoke &quot;java.util.Properties.getProperty(String)&quot; because &quot;com.automation.utils.ConfigReader.prop&quot; is null
	at com.automation.utils.ConfigReader.getProperty(ConfigReader.java:22)
	at com.automation.pages.LoginPage.userIsOnLoginPage(LoginPage.java:27)
	at com.automation.stepdef.LoginTest.user_is_on_login_page(LoginTest.java:14)
	at ✽.User is on login page(file:///Users/Avalancha2/Documents/HudlProjectBrian/HudlProjectBrian/src/test/resources/features/Login.feature:5)
</error>
  </testcase>
  <testcase classname="Login" name="Verify user cannot login with blank username and blank password" time="0.006">
    <error message="Cannot invoke &quot;java.util.Properties.getProperty(String)&quot; because &quot;com.automation.utils.ConfigReader.prop&quot; is null" type="java.lang.NullPointerException">java.lang.NullPointerException: Cannot invoke &quot;java.util.Properties.getProperty(String)&quot; because &quot;com.automation.utils.ConfigReader.prop&quot; is null
	at com.automation.utils.ConfigReader.getProperty(ConfigReader.java:22)
	at com.automation.pages.LoginPage.userIsOnLoginPage(LoginPage.java:27)
	at com.automation.stepdef.LoginTest.user_is_on_login_page(LoginTest.java:14)
	at ✽.User is on login page(file:///Users/Avalancha2/Documents/HudlProjectBrian/HudlProjectBrian/src/test/resources/features/Login.feature:5)
</error>
  </testcase>
  <testcase classname="Login" name="Verify user cannot login with correct username and wrong password" time="0.006">
    <error message="Cannot invoke &quot;java.util.Properties.getProperty(String)&quot; because &quot;com.automation.utils.ConfigReader.prop&quot; is null" type="java.lang.NullPointerException">java.lang.NullPointerException: Cannot invoke &quot;java.util.Properties.getProperty(String)&quot; because &quot;com.automation.utils.ConfigReader.prop&quot; is null
	at com.automation.utils.ConfigReader.getProperty(ConfigReader.java:22)
	at com.automation.pages.LoginPage.userIsOnLoginPage(LoginPage.java:27)
	at com.automation.stepdef.LoginTest.user_is_on_login_page(LoginTest.java:14)
	at ✽.User is on login page(file:///Users/Avalancha2/Documents/HudlProjectBrian/HudlProjectBrian/src/test/resources/features/Login.feature:5)
</error>
  </testcase>
  <testcase classname="Login" name="Verify if remember me functionality is working as intended" time="0.008">
    <error message="Cannot invoke &quot;java.util.Properties.getProperty(String)&quot; because &quot;com.automation.utils.ConfigReader.prop&quot; is null" type="java.lang.NullPointerException">java.lang.NullPointerException: Cannot invoke &quot;java.util.Properties.getProperty(String)&quot; because &quot;com.automation.utils.ConfigReader.prop&quot; is null
	at com.automation.utils.ConfigReader.getProperty(ConfigReader.java:22)
	at com.automation.pages.LoginPage.userIsOnLoginPage(LoginPage.java:27)
	at com.automation.stepdef.LoginTest.user_is_on_login_page(LoginTest.java:14)
	at ✽.User is on login page(file:///Users/Avalancha2/Documents/HudlProjectBrian/HudlProjectBrian/src/test/resources/features/Login.feature:5)
</error>
  </testcase>
  <testcase classname="Login" name="Verify if user can login after changing password" time="0.005">
    <error message="Cannot invoke &quot;java.util.Properties.getProperty(String)&quot; because &quot;com.automation.utils.ConfigReader.prop&quot; is null" type="java.lang.NullPointerException">java.lang.NullPointerException: Cannot invoke &quot;java.util.Properties.getProperty(String)&quot; because &quot;com.automation.utils.ConfigReader.prop&quot; is null
	at com.automation.utils.ConfigReader.getProperty(ConfigReader.java:22)
	at com.automation.pages.LoginPage.userIsOnLoginPage(LoginPage.java:27)
	at com.automation.stepdef.LoginTest.user_is_on_login_page(LoginTest.java:14)
	at ✽.User is on login page(file:///Users/Avalancha2/Documents/HudlProjectBrian/HudlProjectBrian/src/test/resources/features/Login.feature:5)
</error>
  </testcase>
  <testcase classname="Login" name="Verify if user can press enter key on keyboard to login" time="0.005">
    <error message="Cannot invoke &quot;java.util.Properties.getProperty(String)&quot; because &quot;com.automation.utils.ConfigReader.prop&quot; is null" type="java.lang.NullPointerException">java.lang.NullPointerException: Cannot invoke &quot;java.util.Properties.getProperty(String)&quot; because &quot;com.automation.utils.ConfigReader.prop&quot; is null
	at com.automation.utils.ConfigReader.getProperty(ConfigReader.java:22)
	at com.automation.pages.LoginPage.userIsOnLoginPage(LoginPage.java:27)
	at com.automation.stepdef.LoginTest.user_is_on_login_page(LoginTest.java:14)
	at ✽.User is on login page(file:///Users/Avalancha2/Documents/HudlProjectBrian/HudlProjectBrian/src/test/resources/features/Login.feature:5)
</error>
  </testcase>
  <testcase classname="Login" name="Verify if password is encrypted" time="0.004">
    <error message="Cannot invoke &quot;java.util.Properties.getProperty(String)&quot; because &quot;com.automation.utils.ConfigReader.prop&quot; is null" type="java.lang.NullPointerException">java.lang.NullPointerException: Cannot invoke &quot;java.util.Properties.getProperty(String)&quot; because &quot;com.automation.utils.ConfigReader.prop&quot; is null
	at com.automation.utils.ConfigReader.getProperty(ConfigReader.java:22)
	at com.automation.pages.LoginPage.userIsOnLoginPage(LoginPage.java:27)
	at com.automation.stepdef.LoginTest.user_is_on_login_page(LoginTest.java:14)
	at ✽.User is on login page(file:///Users/Avalancha2/Documents/HudlProjectBrian/HudlProjectBrian/src/test/resources/features/Login.feature:5)
</error>
  </testcase>
  <testcase classname="Login" name="Verify login fails if user enters email in password field and password in email field" time="0.004">
    <error message="Cannot invoke &quot;java.util.Properties.getProperty(String)&quot; because &quot;com.automation.utils.ConfigReader.prop&quot; is null" type="java.lang.NullPointerException">java.lang.NullPointerException: Cannot invoke &quot;java.util.Properties.getProperty(String)&quot; because &quot;com.automation.utils.ConfigReader.prop&quot; is null
	at com.automation.utils.ConfigReader.getProperty(ConfigReader.java:22)
	at com.automation.pages.LoginPage.userIsOnLoginPage(LoginPage.java:27)
	at com.automation.stepdef.LoginTest.user_is_on_login_page(LoginTest.java:14)
	at ✽.User is on login page(file:///Users/Avalancha2/Documents/HudlProjectBrian/HudlProjectBrian/src/test/resources/features/Login.feature:5)
</error>
  </testcase>
</testsuite>